<?xml version="1.0" encoding="UTF-8"?>
<!-- Generated by org.testng.reporters.JUnitReportReporter -->
<testsuite skipped="1" hostname="admin-PC" name="TestAutomation.ExecuteDriverTest" tests="1" failures="0" timestamp="2020-05-11T00:53:21 IST" time="0.000" errors="0">
  <testcase name="ExecuteTest" time="0.000" classname="TestAutomation.ExecuteDriverTest">
    <skipped/>
  </testcase> <!-- ExecuteTest -->
  <system-out/>
</testsuite> <!-- TestAutomation.ExecuteDriverTest -->
