<?xml version="1.0" encoding="UTF-8"?>
<!-- Generated by org.testng.reporters.JUnitReportReporter -->
<testsuite skipped="0" hostname="admin-PC" name="TestCase.ExecuteDriverTest" tests="6" failures="0" timestamp="2020-05-13T00:32:12 IST" time="34.815" errors="0">
  <testcase name="ExecuteTest" time="1.798" classname="TestCase.ExecuteDriverTest"/>
  <system-out/>
  <testcase name="ExecuteTest" time="9.165" classname="TestCase.ExecuteDriverTest"/>
  <system-out/>
  <testcase name="ExecuteTest" time="0.079" classname="TestCase.ExecuteDriverTest"/>
  <system-out/>
  <testcase name="ExecuteTest" time="0.123" classname="TestCase.ExecuteDriverTest"/>
  <system-out/>
  <testcase name="ExecuteTest" time="4.371" classname="TestCase.ExecuteDriverTest"/>
  <system-out/>
  <testcase name="ExecuteTest" time="19.279" classname="TestCase.ExecuteDriverTest"/>
  <system-out/>
</testsuite> <!-- TestCase.ExecuteDriverTest -->
