<?xml version="1.0" encoding="UTF-8"?>
<!-- Generated by org.testng.reporters.JUnitReportReporter -->
<testsuite skipped="0" hostname="admin-PC" name="TestCase.ExecuteDriverTest" tests="6" failures="0" timestamp="2020-05-13T00:22:10 IST" time="26.510" errors="0">
  <testcase name="ExecuteTest" time="3.071" classname="TestCase.ExecuteDriverTest"/>
  <system-out/>
  <testcase name="ExecuteTest" time="0.060" classname="TestCase.ExecuteDriverTest"/>
  <system-out/>
  <testcase name="ExecuteTest" time="5.385" classname="TestCase.ExecuteDriverTest"/>
  <system-out/>
  <testcase name="ExecuteTest" time="17.546" classname="TestCase.ExecuteDriverTest"/>
  <system-out/>
  <testcase name="ExecuteTest" time="0.324" classname="TestCase.ExecuteDriverTest"/>
  <system-out/>
  <testcase name="ExecuteTest" time="0.124" classname="TestCase.ExecuteDriverTest"/>
  <system-out/>
</testsuite> <!-- TestCase.ExecuteDriverTest -->
