<?xml version="1.0" encoding="UTF-8"?>
<!-- Generated by org.testng.reporters.JUnitReportReporter -->
<testsuite skipped="0" hostname="admin-PC" name="TestCase.ExecuteDriverTest" tests="6" failures="0" timestamp="2020-05-13T20:55:47 IST" time="37.952" errors="0">
  <testcase name="ExecuteTest" time="0.116" classname="TestCase.ExecuteDriverTest"/>
  <system-out/>
  <testcase name="ExecuteTest" time="3.103" classname="TestCase.ExecuteDriverTest"/>
  <system-out/>
  <testcase name="ExecuteTest" time="0.102" classname="TestCase.ExecuteDriverTest"/>
  <system-out/>
  <testcase name="ExecuteTest" time="28.550" classname="TestCase.ExecuteDriverTest"/>
  <system-out/>
  <testcase name="ExecuteTest" time="0.341" classname="TestCase.ExecuteDriverTest"/>
  <system-out/>
  <testcase name="ExecuteTest" time="5.740" classname="TestCase.ExecuteDriverTest"/>
  <system-out/>
</testsuite> <!-- TestCase.ExecuteDriverTest -->
